<?xml version="1.0" encoding="UTF-8"?>
<coverage generated="1630274570179" clover="3.2.0">
  <project timestamp="1630274570179" name="All files">
    <metrics statements="12" coveredstatements="12" conditionals="4" coveredconditionals="2" methods="4" coveredmethods="4" elements="20" coveredelements="18" complexity="0" loc="12" ncloc="12" packages="2" files="3" classes="3"/>
    <package name="Search">
      <metrics statements="6" coveredstatements="6" conditionals="0" coveredconditionals="0" methods="2" coveredmethods="2"/>
      <file name="Search.tsx" path="E:\Frontend\Epam\EPMRD\epmrd\src\components\Search\Search.tsx">
        <metrics statements="6" coveredstatements="6" conditionals="0" coveredconditionals="0" methods="2" coveredmethods="2"/>
        <line num="1" count="1" type="stmt"/>
        <line num="2" count="1" type="stmt"/>
        <line num="4" count="1" type="stmt"/>
        <line num="6" count="1" type="stmt"/>
        <line num="8" count="1" type="stmt"/>
        <line num="16" count="2" type="stmt"/>
      </file>
    </package>
    <package name="common.Button">
      <metrics statements="6" coveredstatements="6" conditionals="4" coveredconditionals="2" methods="2" coveredmethods="2"/>
      <file name="Button.tsx" path="E:\Frontend\Epam\EPMRD\epmrd\src\components\common\Button\Button.tsx">
        <metrics statements="5" coveredstatements="5" conditionals="4" coveredconditionals="2" methods="1" coveredmethods="1"/>
        <line num="1" count="1" type="stmt"/>
        <line num="2" count="1" type="stmt"/>
        <line num="11" count="1" type="stmt"/>
        <line num="12" count="3" type="cond" truecount="2" falsecount="2"/>
        <line num="13" count="3" type="stmt"/>
      </file>
      <file name="index.ts" path="E:\Frontend\Epam\EPMRD\epmrd\src\components\common\Button\index.ts">
        <metrics statements="1" coveredstatements="1" conditionals="0" coveredconditionals="0" methods="1" coveredmethods="1"/>
        <line num="1" count="4" type="stmt"/>
      </file>
    </package>
  </project>
</coverage>
