{"E:\\Frontend\\Epam\\EPMRD\\epmrd\\src\\components\\Main\\Main.tsx": {"path":"E:\\Frontend\\Epam\\EPMRD\\epmrd\\src\\components\\Main\\Main.tsx","statementMap":{"0":{"start":{"line":1,"column":0},"end":{"line":1,"column":26}},"1":{"start":{"line":2,"column":0},"end":{"line":2,"column":46}},"2":{"start":{"line":3,"column":0},"end":{"line":3,"column":42}},"3":{"start":{"line":5,"column":30},"end":{"line":5,"column":null}},"4":{"start":{"line":5,"column":36},"end":{"line":10,"column":2}},"5":{"start":{"line":5,"column":13},"end":{"line":5,"column":30}}},"fnMap":{"0":{"name":"(anonymous_1)","decl":{"start":{"line":5,"column":30},"end":{"line":5,"column":36}},"loc":{"start":{"line":5,"column":30},"end":{"line":5,"column":null}}}},"branchMap":{},"s":{"0":1,"1":1,"2":1,"3":1,"4":1,"5":1},"f":{"0":1},"b":{}}
,"E:\\Frontend\\Epam\\EPMRD\\epmrd\\src\\components\\Main\\MoviesFilter\\MoviesFilter.tsx": {"path":"E:\\Frontend\\Epam\\EPMRD\\epmrd\\src\\components\\Main\\MoviesFilter\\MoviesFilter.tsx","statementMap":{"0":{"start":{"line":1,"column":0},"end":{"line":1,"column":26}},"1":{"start":{"line":2,"column":0},"end":{"line":2,"column":50}},"2":{"start":{"line":4,"column":0},"end":{"line":4,"column":47}},"3":{"start":{"line":6,"column":0},"end":{"line":6,"column":null}},"4":{"start":{"line":7,"column":2},"end":{"line":7,"column":null}},"5":{"start":{"line":8,"column":2},"end":{"line":8,"column":null}},"6":{"start":{"line":9,"column":2},"end":{"line":9,"column":null}},"7":{"start":{"line":12,"column":19},"end":{"line":12,"column":75}},"8":{"start":{"line":14,"column":38},"end":{"line":14,"column":null}},"9":{"start":{"line":14,"column":44},"end":{"line":30,"column":2}},"10":{"start":{"line":22,"column":41},"end":{"line":26,"column":10}},"11":{"start":{"line":14,"column":13},"end":{"line":14,"column":38}}},"fnMap":{"0":{"name":"(anonymous_1)","decl":{"start":{"line":6,"column":0},"end":{"line":6,"column":12}},"loc":{"start":{"line":6,"column":22},"end":{"line":10,"column":1}}},"1":{"name":"(anonymous_2)","decl":{"start":{"line":14,"column":38},"end":{"line":14,"column":44}},"loc":{"start":{"line":14,"column":38},"end":{"line":14,"column":null}}},"2":{"name":"(anonymous_3)","decl":{"start":{"line":22,"column":24},"end":{"line":22,"column":25}},"loc":{"start":{"line":22,"column":36},"end":{"line":22,"column":null}}}},"branchMap":{"0":{"loc":{"start":{"line":6,"column":12},"end":{"line":6,"column":22}},"type":"binary-expr","locations":[{"start":{"line":6,"column":12},"end":{"line":6,"column":22}},{"start":{"line":6,"column":12},"end":{"line":6,"column":null}}]}},"s":{"0":2,"1":2,"2":2,"3":2,"4":2,"5":2,"6":2,"7":2,"8":2,"9":2,"10":6,"11":2},"f":{"0":2,"1":2,"2":6},"b":{"0":[2,2]}}
,"E:\\Frontend\\Epam\\EPMRD\\epmrd\\src\\components\\Main\\MoviesFilter\\index.ts": {"path":"E:\\Frontend\\Epam\\EPMRD\\epmrd\\src\\components\\Main\\MoviesFilter\\index.ts","statementMap":{"0":{"start":{"line":1,"column":0},"end":{"line":1,"column":9}},"1":{"start":{"line":1,"column":9},"end":{"line":1,"column":46}}},"fnMap":{"0":{"name":"(anonymous_0)","decl":{"start":{"line":1,"column":9},"end":{"line":1,"column":21}},"loc":{"start":{"line":1,"column":9},"end":{"line":1,"column":46}}}},"branchMap":{},"s":{"0":1,"1":2},"f":{"0":1},"b":{}}
,"E:\\Frontend\\Epam\\EPMRD\\epmrd\\src\\components\\Main\\MoviesList\\MoviesList.tsx": {"path":"E:\\Frontend\\Epam\\EPMRD\\epmrd\\src\\components\\Main\\MoviesList\\MoviesList.tsx","statementMap":{"0":{"start":{"line":1,"column":0},"end":{"line":1,"column":26}},"1":{"start":{"line":2,"column":0},"end":{"line":2,"column":40}},"2":{"start":{"line":4,"column":0},"end":{"line":4,"column":45}},"3":{"start":{"line":14,"column":24},"end":{"line":64,"column":2}},"4":{"start":{"line":66,"column":36},"end":{"line":66,"column":null}},"5":{"start":{"line":66,"column":42},"end":{"line":78,"column":2}},"6":{"start":{"line":68,"column":34},"end":{"line":76,"column":6}},"7":{"start":{"line":66,"column":13},"end":{"line":66,"column":36}}},"fnMap":{"0":{"name":"(anonymous_1)","decl":{"start":{"line":66,"column":36},"end":{"line":66,"column":42}},"loc":{"start":{"line":66,"column":36},"end":{"line":66,"column":null}}},"1":{"name":"(anonymous_2)","decl":{"start":{"line":68,"column":16},"end":{"line":68,"column":17}},"loc":{"start":{"line":68,"column":29},"end":{"line":68,"column":null}}}},"branchMap":{},"s":{"0":2,"1":2,"2":2,"3":2,"4":2,"5":2,"6":14,"7":2},"f":{"0":2,"1":14},"b":{}}
,"E:\\Frontend\\Epam\\EPMRD\\epmrd\\src\\components\\Main\\MoviesList\\index.ts": {"path":"E:\\Frontend\\Epam\\EPMRD\\epmrd\\src\\components\\Main\\MoviesList\\index.ts","statementMap":{"0":{"start":{"line":1,"column":0},"end":{"line":1,"column":9}},"1":{"start":{"line":1,"column":9},"end":{"line":1,"column":49}}},"fnMap":{"0":{"name":"(anonymous_0)","decl":{"start":{"line":1,"column":9},"end":{"line":1,"column":19}},"loc":{"start":{"line":1,"column":9},"end":{"line":1,"column":49}}}},"branchMap":{},"s":{"0":1,"1":2},"f":{"0":1},"b":{}}
,"E:\\Frontend\\Epam\\EPMRD\\epmrd\\src\\components\\Main\\MoviesList\\MovieCard\\MovieCard.tsx": {"path":"E:\\Frontend\\Epam\\EPMRD\\epmrd\\src\\components\\Main\\MoviesList\\MovieCard\\MovieCard.tsx","statementMap":{"0":{"start":{"line":1,"column":0},"end":{"line":1,"column":26}},"1":{"start":{"line":2,"column":0},"end":{"line":2,"column":44}},"2":{"start":{"line":11,"column":51},"end":{"line":13,"column":null}},"3":{"start":{"line":12,"column":6},"end":{"line":12,"column":8}},"4":{"start":{"line":12,"column":13},"end":{"line":12,"column":15}},"5":{"start":{"line":12,"column":21},"end":{"line":12,"column":23}},"6":{"start":{"line":12,"column":29},"end":{"line":12,"column":null}},"7":{"start":{"line":13,"column":6},"end":{"line":24,"column":2}},"8":{"start":{"line":21,"column":44},"end":{"line":21,"column":111}},"9":{"start":{"line":11,"column":13},"end":{"line":11,"column":51}}},"fnMap":{"0":{"name":"(anonymous_1)","decl":{"start":{"line":11,"column":51},"end":{"line":11,"column":52}},"loc":{"start":{"line":13,"column":1},"end":{"line":13,"column":null}}},"1":{"name":"(anonymous_2)","decl":{"start":{"line":21,"column":18},"end":{"line":21,"column":19}},"loc":{"start":{"line":21,"column":39},"end":{"line":21,"column":48}}}},"branchMap":{},"s":{"0":3,"1":3,"2":3,"3":15,"4":15,"5":15,"6":15,"7":15,"8":56,"9":3},"f":{"0":15,"1":56},"b":{}}
,"E:\\Frontend\\Epam\\EPMRD\\epmrd\\src\\components\\Main\\MoviesList\\MovieCard\\index.ts": {"path":"E:\\Frontend\\Epam\\EPMRD\\epmrd\\src\\components\\Main\\MoviesList\\MovieCard\\index.ts","statementMap":{"0":{"start":{"line":1,"column":0},"end":{"line":1,"column":9}},"1":{"start":{"line":1,"column":9},"end":{"line":1,"column":56}}},"fnMap":{"0":{"name":"(anonymous_0)","decl":{"start":{"line":1,"column":9},"end":{"line":1,"column":18}},"loc":{"start":{"line":1,"column":9},"end":{"line":1,"column":56}}}},"branchMap":{},"s":{"0":2,"1":16},"f":{"0":14},"b":{}}
,"E:\\Frontend\\Epam\\EPMRD\\epmrd\\src\\components\\common\\Button\\Button.tsx": {"path":"E:\\Frontend\\Epam\\EPMRD\\epmrd\\src\\components\\common\\Button\\Button.tsx","statementMap":{"0":{"start":{"line":1,"column":0},"end":{"line":1,"column":26}},"1":{"start":{"line":2,"column":0},"end":{"line":2,"column":41}},"2":{"start":{"line":11,"column":45},"end":{"line":13,"column":null}},"3":{"start":{"line":12,"column":11},"end":{"line":12,"column":13}},"4":{"start":{"line":12,"column":13},"end":{"line":12,"column":20}},"5":{"start":{"line":12,"column":20},"end":{"line":12,"column":34}},"6":{"start":{"line":12,"column":42},"end":{"line":12,"column":44}},"7":{"start":{"line":12,"column":44},"end":{"line":12,"column":48}},"8":{"start":{"line":12,"column":48},"end":{"line":12,"column":null}},"9":{"start":{"line":13,"column":6},"end":{"line":17,"column":2}},"10":{"start":{"line":11,"column":13},"end":{"line":11,"column":45}}},"fnMap":{"0":{"name":"(anonymous_1)","decl":{"start":{"line":11,"column":45},"end":{"line":11,"column":46}},"loc":{"start":{"line":13,"column":1},"end":{"line":13,"column":null}}}},"branchMap":{"0":{"loc":{"start":{"line":12,"column":23},"end":{"line":12,"column":32}},"type":"cond-expr","locations":[{"start":{"line":12,"column":23},"end":{"line":12,"column":32}},{"start":{"line":12,"column":32},"end":{"line":12,"column":34}}]},"1":{"loc":{"start":{"line":12,"column":51},"end":{"line":12,"column":59}},"type":"cond-expr","locations":[{"start":{"line":12,"column":51},"end":{"line":12,"column":59}},{"start":{"line":12,"column":59},"end":{"line":12,"column":null}}]}},"s":{"0":2,"1":2,"2":2,"3":6,"4":6,"5":6,"6":6,"7":6,"8":6,"9":6,"10":2},"f":{"0":6},"b":{"0":[0,6],"1":[6,0]}}
,"E:\\Frontend\\Epam\\EPMRD\\epmrd\\src\\components\\common\\Button\\index.ts": {"path":"E:\\Frontend\\Epam\\EPMRD\\epmrd\\src\\components\\common\\Button\\index.ts","statementMap":{"0":{"start":{"line":1,"column":0},"end":{"line":1,"column":9}},"1":{"start":{"line":1,"column":9},"end":{"line":1,"column":47}}},"fnMap":{"0":{"name":"(anonymous_0)","decl":{"start":{"line":1,"column":9},"end":{"line":1,"column":15}},"loc":{"start":{"line":1,"column":9},"end":{"line":1,"column":47}}}},"branchMap":{},"s":{"0":2,"1":8},"f":{"0":6},"b":{}}
}
