{"E:\\Frontend\\Epam\\EPMRD\\epmrd\\src\\components\\Search\\Search.tsx": {"path":"E:\\Frontend\\Epam\\EPMRD\\epmrd\\src\\components\\Search\\Search.tsx","statementMap":{"0":{"start":{"line":1,"column":0},"end":{"line":1,"column":26}},"1":{"start":{"line":2,"column":0},"end":{"line":2,"column":50}},"2":{"start":{"line":4,"column":0},"end":{"line":4,"column":41}},"3":{"start":{"line":6,"column":29},"end":{"line":6,"column":47}},"4":{"start":{"line":8,"column":32},"end":{"line":8,"column":null}},"5":{"start":{"line":8,"column":38},"end":{"line":26,"column":2}},"6":{"start":{"line":16,"column":50},"end":{"line":20,"column":12}},"7":{"start":{"line":8,"column":13},"end":{"line":8,"column":32}}},"fnMap":{"0":{"name":"(anonymous_1)","decl":{"start":{"line":8,"column":32},"end":{"line":8,"column":38}},"loc":{"start":{"line":8,"column":32},"end":{"line":8,"column":null}}},"1":{"name":"(anonymous_2)","decl":{"start":{"line":16,"column":26},"end":{"line":16,"column":27}},"loc":{"start":{"line":16,"column":45},"end":{"line":16,"column":null}}}},"branchMap":{},"s":{"0":1,"1":1,"2":1,"3":1,"4":1,"5":1,"6":2,"7":1},"f":{"0":1,"1":2},"b":{}}
,"E:\\Frontend\\Epam\\EPMRD\\epmrd\\src\\components\\common\\Button\\Button.tsx": {"path":"E:\\Frontend\\Epam\\EPMRD\\epmrd\\src\\components\\common\\Button\\Button.tsx","statementMap":{"0":{"start":{"line":1,"column":0},"end":{"line":1,"column":26}},"1":{"start":{"line":2,"column":0},"end":{"line":2,"column":41}},"2":{"start":{"line":11,"column":45},"end":{"line":13,"column":null}},"3":{"start":{"line":12,"column":11},"end":{"line":12,"column":13}},"4":{"start":{"line":12,"column":13},"end":{"line":12,"column":20}},"5":{"start":{"line":12,"column":20},"end":{"line":12,"column":34}},"6":{"start":{"line":12,"column":42},"end":{"line":12,"column":44}},"7":{"start":{"line":12,"column":44},"end":{"line":12,"column":48}},"8":{"start":{"line":12,"column":48},"end":{"line":12,"column":null}},"9":{"start":{"line":13,"column":6},"end":{"line":17,"column":2}},"10":{"start":{"line":11,"column":13},"end":{"line":11,"column":45}}},"fnMap":{"0":{"name":"(anonymous_1)","decl":{"start":{"line":11,"column":45},"end":{"line":11,"column":46}},"loc":{"start":{"line":13,"column":1},"end":{"line":13,"column":null}}}},"branchMap":{"0":{"loc":{"start":{"line":12,"column":23},"end":{"line":12,"column":32}},"type":"cond-expr","locations":[{"start":{"line":12,"column":23},"end":{"line":12,"column":32}},{"start":{"line":12,"column":32},"end":{"line":12,"column":34}}]},"1":{"loc":{"start":{"line":12,"column":51},"end":{"line":12,"column":59}},"type":"cond-expr","locations":[{"start":{"line":12,"column":51},"end":{"line":12,"column":59}},{"start":{"line":12,"column":59},"end":{"line":12,"column":null}}]}},"s":{"0":1,"1":1,"2":1,"3":3,"4":3,"5":3,"6":3,"7":3,"8":3,"9":3,"10":1},"f":{"0":3},"b":{"0":[3,0],"1":[3,0]}}
,"E:\\Frontend\\Epam\\EPMRD\\epmrd\\src\\components\\common\\Button\\index.ts": {"path":"E:\\Frontend\\Epam\\EPMRD\\epmrd\\src\\components\\common\\Button\\index.ts","statementMap":{"0":{"start":{"line":1,"column":0},"end":{"line":1,"column":9}},"1":{"start":{"line":1,"column":9},"end":{"line":1,"column":47}}},"fnMap":{"0":{"name":"(anonymous_0)","decl":{"start":{"line":1,"column":9},"end":{"line":1,"column":15}},"loc":{"start":{"line":1,"column":9},"end":{"line":1,"column":47}}}},"branchMap":{},"s":{"0":1,"1":4},"f":{"0":3},"b":{}}
}
